2025-03-24 12:26:05,746 - INFO - ==================================================
2025-03-24 12:26:05,746 - INFO - HealthLensAI Setup Assistant
2025-03-24 12:26:05,746 - INFO - ==================================================
2025-03-24 12:26:05,751 - INFO - Checking Python version...
2025-03-24 12:26:05,786 - INFO - Installing core dependencies...
2025-03-24 12:26:05,786 - INFO - Installing PyPDF2>=3.0.0...
2025-03-24 12:26:08,839 - INFO - Successfully installed PyPDF2>=3.0.0
2025-03-24 12:26:08,840 - INFO - Installing PyMuPDF>=1.20.0...
2025-03-24 12:26:09,543 - INFO - Successfully installed PyMuPDF>=1.20.0
2025-03-24 12:26:09,543 - INFO - Installing python-docx>=0.8.11...
2025-03-24 12:26:10,210 - INFO - Successfully installed python-docx>=0.8.11
2025-03-24 12:26:10,210 - INFO - Installing pandas>=1.3.0...
2025-03-24 12:26:10,892 - INFO - Successfully installed pandas>=1.3.0
2025-03-24 12:26:10,892 - INFO - Installing numpy>=1.21.0...
2025-03-24 12:26:11,676 - INFO - Successfully installed numpy>=1.21.0
2025-03-24 12:26:11,676 - INFO - Installing opencv-python>=4.5.0...
2025-03-24 12:26:12,576 - INFO - Successfully installed opencv-python>=4.5.0
2025-03-24 12:26:12,576 - INFO - Installing pdfplumber>=0.7.0...
2025-03-24 12:26:15,943 - INFO - Successfully installed pdfplumber>=0.7.0
2025-03-24 12:26:15,943 - INFO - Installing matplotlib>=3.4.0...
2025-03-24 12:26:16,676 - INFO - Successfully installed matplotlib>=3.4.0
2025-03-24 12:26:16,676 - INFO - Installing seaborn>=0.11.0...
2025-03-24 12:26:17,550 - INFO - Successfully installed seaborn>=0.11.0
2025-03-24 12:26:17,551 - INFO - Installing reportlab>=3.6.0...
2025-03-24 12:26:18,203 - INFO - Successfully installed reportlab>=3.6.0
2025-03-24 12:26:18,203 - INFO - Installing streamlit>=1.10.0...
2025-03-24 12:26:18,913 - INFO - Successfully installed streamlit>=1.10.0
2025-03-24 12:26:18,916 - INFO - Setting up OCR capabilities...
2025-03-24 12:26:18,916 - INFO - Installing pytesseract>=0.3.8...
2025-03-24 12:26:19,567 - INFO - Successfully installed pytesseract>=0.3.8
2025-03-24 12:26:19,567 - INFO - Installing pdf2image>=1.16.0...
2025-03-24 12:26:20,226 - INFO - Successfully installed pdf2image>=1.16.0
2025-03-24 12:26:20,266 - INFO - 
To enable OCR functionality:
2025-03-24 12:26:20,266 - INFO - 
Windows Installation Instructions:
1. Download Tesseract installer from: https://github.com/UB-Mannheim/tesseract/wiki
2. Run the installer and note the installation path
3. Add the Tesseract installation directory to your PATH environment variable
4. Download poppler from: https://github.com/oschwartz10612/poppler-windows/releases
5. Extract poppler and add the bin directory to your PATH

2025-03-24 12:26:21,218 - INFO - Setting up table extraction capabilities...
2025-03-24 12:26:21,221 - INFO - Installing camelot-py[cv]>=0.10.0...
2025-03-24 12:26:23,966 - INFO - Successfully installed camelot-py[cv]>=0.10.0
2025-03-24 12:26:23,966 - INFO - Installing tabula-py>=2.3.0...
2025-03-24 12:26:24,961 - INFO - Successfully installed tabula-py>=2.3.0
2025-03-24 12:26:24,962 - WARNING - Java not found in PATH
2025-03-24 12:26:24,962 - INFO - 
To enable table extraction, please install Java:
2025-03-24 12:26:24,962 - INFO - 
Windows Java Installation:
1. Download JDK from: https://www.oracle.com/java/technologies/downloads/
2. Run the installer
3. Set JAVA_HOME environment variable to your Java installation directory
4. Add %JAVA_HOME%\bin to your PATH

2025-03-24 12:26:24,962 - INFO - 
==================================================
2025-03-24 12:26:24,963 - INFO - Setup complete! You can now run HealthLensAI.
2025-03-24 12:26:24,963 - INFO - ==================================================
2025-03-24 12:26:24,963 - INFO - 
Troubleshooting Tips:
1. Ensure all external dependencies (Tesseract, Poppler, Java) are properly installed
2. Check that environment variables (PATH, JAVA_HOME) are correctly set
3. Restart your terminal/command prompt after making environment changes
4. Check healthlens_setup.log for detailed installation information
5. If issues persist, try installing packages manually using requirements.txt:
   pip install -r requirements.txt

